This file contains any messages produced by compilers while
running configure, to aid debugging if configure makes a mistake.

It was created by beebs configure 1.0, which was
generated by GNU Autoconf 2.69.  Invocation command line was

  $ ./configure 

## --------- ##
## Platform. ##
## --------- ##

hostname = johnnys-W76x-M77xCUH
uname -m = x86_64
uname -r = 4.10.0-28-generic
uname -s = Linux
uname -v = #32~16.04.2-Ubuntu SMP Thu Jul 20 10:19:48 UTC 2017

/usr/bin/uname -p = unknown
/bin/uname -X     = unknown

/bin/arch              = unknown
/usr/bin/arch -k       = unknown
/usr/convex/getsysinfo = unknown
/usr/bin/hostinfo      = unknown
/bin/machine           = unknown
/usr/bin/oslevel       = unknown
/bin/universe          = unknown

PATH: /home/johnnys/bin
PATH: /home/johnnys/.local/bin
PATH: /usr/local/sbin
PATH: /usr/local/bin
PATH: /usr/sbin
PATH: /usr/bin
PATH: /sbin
PATH: /bin
PATH: /usr/games
PATH: /usr/local/games
PATH: /snap/bin
PATH: /usr/lib/jvm/java-8-oracle/bin
PATH: /usr/lib/jvm/java-8-oracle/db/bin
PATH: /usr/lib/jvm/java-8-oracle/jre/bin


## ----------- ##
## Core tests. ##
## ----------- ##

configure:2191: checking build system type
configure:2205: result: x86_64-unknown-linux-gnu
configure:2225: checking host system type
configure:2238: result: x86_64-unknown-linux-gnu
configure:2275: checking for a BSD-compatible install
configure:2343: result: /usr/bin/install -c
configure:2354: checking whether build environment is sane
configure:2409: result: yes
configure:2560: checking for a thread-safe mkdir -p
configure:2599: result: /bin/mkdir -p
configure:2606: checking for gawk
configure:2636: result: no
configure:2606: checking for mawk
configure:2622: found /usr/bin/mawk
configure:2633: result: mawk
configure:2644: checking whether make sets $(MAKE)
configure:2666: result: yes
configure:2695: checking whether make supports nested variables
configure:2712: result: yes
configure:2839: checking whether to enable maintainer-specific portions of Makefiles
configure:2848: result: yes
configure:2872: checking whether make supports nested variables
configure:2889: result: yes
configure:3055: checking how to print strings
configure:3082: result: printf
configure:3115: checking for style of include used by make
configure:3143: result: GNU
configure:3214: checking for gcc
configure:3230: found /usr/bin/gcc
configure:3241: result: gcc
configure:3470: checking for C compiler version
configure:3479: gcc --version >&5
gcc (Ubuntu 4.8.5-4ubuntu2) 4.8.5
Copyright (C) 2015 Free Software Foundation, Inc.
This is free software; see the source for copying conditions.  There is NO
warranty; not even for MERCHANTABILITY or FITNESS FOR A PARTICULAR PURPOSE.

configure:3490: $? = 0
configure:3479: gcc -v >&5
Using built-in specs.
COLLECT_GCC=gcc
COLLECT_LTO_WRAPPER=/usr/lib/gcc/x86_64-linux-gnu/4.8/lto-wrapper
Target: x86_64-linux-gnu
Configured with: ../src/configure -v --with-pkgversion='Ubuntu 4.8.5-4ubuntu2' --with-bugurl=file:///usr/share/doc/gcc-4.8/README.Bugs --enable-languages=c,c++,java,go,d,fortran,objc,obj-c++ --prefix=/usr --program-suffix=-4.8 --enable-shared --enable-linker-build-id --libexecdir=/usr/lib --without-included-gettext --enable-threads=posix --with-gxx-include-dir=/usr/include/c++/4.8 --libdir=/usr/lib --enable-nls --with-sysroot=/ --enable-clocale=gnu --enable-libstdcxx-debug --enable-libstdcxx-time=yes --enable-gnu-unique-object --disable-libmudflap --enable-plugin --with-system-zlib --disable-browser-plugin --enable-java-awt=gtk --enable-gtk-cairo --with-java-home=/usr/lib/jvm/java-1.5.0-gcj-4.8-amd64/jre --enable-java-home --with-jvm-root-dir=/usr/lib/jvm/java-1.5.0-gcj-4.8-amd64 --with-jvm-jar-dir=/usr/lib/jvm-exports/java-1.5.0-gcj-4.8-amd64 --with-arch-directory=amd64 --with-ecj-jar=/usr/share/java/eclipse-ecj.jar --enable-objc-gc --enable-multiarch --disable-werror --with-arch-32=i686 --with-abi=m64 --with-multilib-list=m32,m64,mx32 --with-tune=generic --enable-checking=release --build=x86_64-linux-gnu --host=x86_64-linux-gnu --target=x86_64-linux-gnu
Thread model: posix
gcc version 4.8.5 (Ubuntu 4.8.5-4ubuntu2) 
configure:3490: $? = 0
configure:3479: gcc -V >&5
gcc: error: unrecognized command line option '-V'
gcc: fatal error: no input files
compilation terminated.
configure:3490: $? = 4
configure:3479: gcc -qversion >&5
gcc: error: unrecognized command line option '-qversion'
gcc: fatal error: no input files
compilation terminated.
configure:3490: $? = 4
configure:3510: checking whether the C compiler works
configure:3532: gcc   -std=gnu99       conftest.c  >&5
configure:3536: $? = 0
configure:3584: result: yes
configure:3587: checking for C compiler default output file name
configure:3589: result: a.out
configure:3595: checking for suffix of executables
configure:3602: gcc -o conftest   -std=gnu99       conftest.c  >&5
configure:3606: $? = 0
configure:3628: result: 
configure:3650: checking whether we are cross compiling
configure:3658: gcc -o conftest   -std=gnu99       conftest.c  >&5
configure:3662: $? = 0
configure:3669: ./conftest
configure:3673: $? = 0
configure:3688: result: no
configure:3693: checking for suffix of object files
configure:3715: gcc -c   -std=gnu99   conftest.c >&5
configure:3719: $? = 0
configure:3740: result: o
configure:3744: checking whether we are using the GNU C compiler
configure:3763: gcc -c   -std=gnu99   conftest.c >&5
configure:3763: $? = 0
configure:3772: result: yes
configure:3781: checking whether gcc accepts -g
configure:3801: gcc -c -g  conftest.c >&5
configure:3801: $? = 0
configure:3842: result: yes
configure:3859: checking for gcc option to accept ISO C89
configure:3922: gcc  -c   -std=gnu99   conftest.c >&5
configure:3922: $? = 0
configure:3935: result: none needed
configure:3960: checking whether gcc understands -c and -o together
configure:3982: gcc -c conftest.c -o conftest2.o
configure:3985: $? = 0
configure:3982: gcc -c conftest.c -o conftest2.o
configure:3985: $? = 0
configure:3997: result: yes
configure:4016: checking dependency style of gcc
configure:4127: result: gcc3
configure:4142: checking for a sed that does not truncate output
configure:4206: result: /bin/sed
configure:4224: checking for grep that handles long lines and -e
configure:4282: result: /bin/grep
configure:4287: checking for egrep
configure:4349: result: /bin/grep -E
configure:4354: checking for fgrep
configure:4416: result: /bin/grep -F
configure:4451: checking for ld used by gcc
configure:4518: result: /usr/bin/ld
configure:4525: checking if the linker (/usr/bin/ld) is GNU ld
configure:4540: result: yes
configure:4552: checking for BSD- or MS-compatible name lister (nm)
configure:4601: result: /usr/bin/nm -B
configure:4731: checking the name lister (/usr/bin/nm -B) interface
configure:4738: gcc -c   -std=gnu99   conftest.c >&5
configure:4741: /usr/bin/nm -B "conftest.o"
configure:4744: output
0000000000000000 B some_variable
configure:4751: result: BSD nm
configure:4754: checking whether ln -s works
configure:4758: result: yes
configure:4766: checking the maximum length of command line arguments
configure:4896: result: 1572864
configure:4913: checking whether the shell understands some XSI constructs
configure:4923: result: yes
configure:4927: checking whether the shell understands "+="
configure:4933: result: yes
configure:4968: checking how to convert x86_64-unknown-linux-gnu file names to x86_64-unknown-linux-gnu format
configure:5008: result: func_convert_file_noop
configure:5015: checking how to convert x86_64-unknown-linux-gnu file names to toolchain format
configure:5035: result: func_convert_file_noop
configure:5042: checking for /usr/bin/ld option to reload object files
configure:5049: result: -r
configure:5123: checking for objdump
configure:5139: found /usr/bin/objdump
configure:5150: result: objdump
configure:5182: checking how to recognize dependent libraries
configure:5384: result: pass_all
configure:5469: checking for dlltool
configure:5499: result: no
configure:5529: checking how to associate runtime and link libraries
configure:5556: result: printf %s\n
configure:5617: checking for ar
configure:5633: found /usr/bin/ar
configure:5644: result: ar
configure:5681: checking for archiver @FILE support
configure:5698: gcc -c   -std=gnu99   conftest.c >&5
configure:5698: $? = 0
configure:5701: ar cru libconftest.a @conftest.lst >&5
ar: `u' modifier ignored since `D' is the default (see `U')
configure:5704: $? = 0
configure:5709: ar cru libconftest.a @conftest.lst >&5
ar: `u' modifier ignored since `D' is the default (see `U')
ar: conftest.o: No such file or directory
configure:5712: $? = 1
configure:5724: result: @
configure:5782: checking for strip
configure:5798: found /usr/bin/strip
configure:5809: result: strip
configure:5881: checking for ranlib
configure:5897: found /usr/bin/ranlib
configure:5908: result: ranlib
configure:6010: checking command to parse /usr/bin/nm -B output from gcc object
configure:6130: gcc -c   -std=gnu99   conftest.c >&5
configure:6133: $? = 0
configure:6137: /usr/bin/nm -B conftest.o \| sed -n -e 's/^.*[ ]\([ABCDGIRSTW][ABCDGIRSTW]*\)[ ][ ]*\([_A-Za-z][_A-Za-z0-9]*\)$/\1 \2 \2/p' | sed '/ __gnu_lto/d' \> conftest.nm
configure:6140: $? = 0
configure:6206: gcc -o conftest   -std=gnu99       conftest.c conftstm.o >&5
configure:6209: $? = 0
configure:6247: result: ok
configure:6284: checking for sysroot
configure:6314: result: no
configure:6391: gcc -c   -std=gnu99   conftest.c >&5
configure:6394: $? = 0
configure:6570: checking for mt
configure:6586: found /bin/mt
configure:6597: result: mt
configure:6620: checking if mt is a manifest tool
configure:6626: mt '-?'
configure:6634: result: no
configure:7276: checking how to run the C preprocessor
configure:7307: gcc -E  conftest.c
configure:7307: $? = 0
configure:7321: gcc -E  conftest.c
conftest.c:12:28: fatal error: ac_nonexistent.h: No such file or directory
 #include <ac_nonexistent.h>
                            ^
compilation terminated.
configure:7321: $? = 1
configure: failed program was:
| /* confdefs.h */
| #define PACKAGE_NAME "beebs"
| #define PACKAGE_TARNAME "beebs"
| #define PACKAGE_VERSION "1.0"
| #define PACKAGE_STRING "beebs 1.0"
| #define PACKAGE_BUGREPORT "beebs@mageec.org"
| #define PACKAGE_URL ""
| #define PACKAGE "beebs"
| #define VERSION "1.0"
| #define HAVE_CHIPSUPPORT_H 1
| /* end confdefs.h.  */
| #include <ac_nonexistent.h>
configure:7346: result: gcc -E
configure:7366: gcc -E  conftest.c
configure:7366: $? = 0
configure:7380: gcc -E  conftest.c
conftest.c:12:28: fatal error: ac_nonexistent.h: No such file or directory
 #include <ac_nonexistent.h>
                            ^
compilation terminated.
configure:7380: $? = 1
configure: failed program was:
| /* confdefs.h */
| #define PACKAGE_NAME "beebs"
| #define PACKAGE_TARNAME "beebs"
| #define PACKAGE_VERSION "1.0"
| #define PACKAGE_STRING "beebs 1.0"
| #define PACKAGE_BUGREPORT "beebs@mageec.org"
| #define PACKAGE_URL ""
| #define PACKAGE "beebs"
| #define VERSION "1.0"
| #define HAVE_CHIPSUPPORT_H 1
| /* end confdefs.h.  */
| #include <ac_nonexistent.h>
configure:7409: checking for ANSI C header files
configure:7429: gcc -c   -std=gnu99   conftest.c >&5
configure:7429: $? = 0
configure:7502: gcc -o conftest   -std=gnu99       conftest.c  >&5
configure:7502: $? = 0
configure:7502: ./conftest
configure:7502: $? = 0
configure:7513: result: yes
configure:7526: checking for sys/types.h
configure:7526: gcc -c   -std=gnu99   conftest.c >&5
configure:7526: $? = 0
configure:7526: result: yes
configure:7526: checking for sys/stat.h
configure:7526: gcc -c   -std=gnu99   conftest.c >&5
configure:7526: $? = 0
configure:7526: result: yes
configure:7526: checking for stdlib.h
configure:7526: gcc -c   -std=gnu99   conftest.c >&5
configure:7526: $? = 0
configure:7526: result: yes
configure:7526: checking for string.h
configure:7526: gcc -c   -std=gnu99   conftest.c >&5
configure:7526: $? = 0
configure:7526: result: yes
configure:7526: checking for memory.h
configure:7526: gcc -c   -std=gnu99   conftest.c >&5
configure:7526: $? = 0
configure:7526: result: yes
configure:7526: checking for strings.h
configure:7526: gcc -c   -std=gnu99   conftest.c >&5
configure:7526: $? = 0
configure:7526: result: yes
configure:7526: checking for inttypes.h
configure:7526: gcc -c   -std=gnu99   conftest.c >&5
configure:7526: $? = 0
configure:7526: result: yes
configure:7526: checking for stdint.h
configure:7526: gcc -c   -std=gnu99   conftest.c >&5
configure:7526: $? = 0
configure:7526: result: yes
configure:7526: checking for unistd.h
configure:7526: gcc -c   -std=gnu99   conftest.c >&5
configure:7526: $? = 0
configure:7526: result: yes
configure:7540: checking for dlfcn.h
configure:7540: gcc -c   -std=gnu99   conftest.c >&5
configure:7540: $? = 0
configure:7540: result: yes
configure:7746: checking for objdir
configure:7761: result: .libs
configure:8032: checking if gcc supports -fno-rtti -fno-exceptions
configure:8050: gcc -c   -std=gnu99   -fno-rtti -fno-exceptions conftest.c >&5
cc1: warning: command line option '-fno-rtti' is valid for C++/ObjC++ but not for C [enabled by default]
configure:8054: $? = 0
configure:8067: result: no
configure:8394: checking for gcc option to produce PIC
configure:8401: result: -fPIC -DPIC
configure:8409: checking if gcc PIC flag -fPIC -DPIC works
configure:8427: gcc -c   -std=gnu99   -fPIC -DPIC -DPIC conftest.c >&5
configure:8431: $? = 0
configure:8444: result: yes
configure:8473: checking if gcc static flag -static works
configure:8501: result: yes
configure:8516: checking if gcc supports -c -o file.o
configure:8537: gcc -c   -std=gnu99   -o out/conftest2.o conftest.c >&5
configure:8541: $? = 0
configure:8563: result: yes
configure:8571: checking if gcc supports -c -o file.o
configure:8618: result: yes
configure:8651: checking whether the gcc linker (/usr/bin/ld -m elf_x86_64) supports shared libraries
configure:9804: result: yes
configure:9841: checking whether -lc should be explicitly linked in
configure:9849: gcc -c   -std=gnu99   conftest.c >&5
configure:9852: $? = 0
configure:9867: gcc -shared  -fPIC -DPIC conftest.o  -v -Wl,-soname -Wl,conftest -o conftest 2\>\&1 \| /bin/grep  -lc  \>/dev/null 2\>\&1
configure:9870: $? = 0
configure:9884: result: no
configure:10044: checking dynamic linker characteristics
configure:10555: gcc -o conftest   -std=gnu99       -Wl,-rpath -Wl,/foo conftest.c  >&5
configure:10555: $? = 0
configure:10777: result: GNU/Linux ld.so
configure:10884: checking how to hardcode library paths into programs
configure:10909: result: immediate
configure:11449: checking whether stripping libraries is possible
configure:11454: result: yes
configure:11489: checking if libtool supports shared libraries
configure:11491: result: yes
configure:11494: checking whether to build shared libraries
configure:11515: result: yes
configure:11518: checking whether to build static libraries
configure:11522: result: yes
configure:11611: checking for gcc
configure:11638: result: gcc
configure:11867: checking for C compiler version
configure:11876: gcc --version >&5
gcc (Ubuntu 4.8.5-4ubuntu2) 4.8.5
Copyright (C) 2015 Free Software Foundation, Inc.
This is free software; see the source for copying conditions.  There is NO
warranty; not even for MERCHANTABILITY or FITNESS FOR A PARTICULAR PURPOSE.

configure:11887: $? = 0
configure:11876: gcc -v >&5
Using built-in specs.
COLLECT_GCC=gcc
COLLECT_LTO_WRAPPER=/usr/lib/gcc/x86_64-linux-gnu/4.8/lto-wrapper
Target: x86_64-linux-gnu
Configured with: ../src/configure -v --with-pkgversion='Ubuntu 4.8.5-4ubuntu2' --with-bugurl=file:///usr/share/doc/gcc-4.8/README.Bugs --enable-languages=c,c++,java,go,d,fortran,objc,obj-c++ --prefix=/usr --program-suffix=-4.8 --enable-shared --enable-linker-build-id --libexecdir=/usr/lib --without-included-gettext --enable-threads=posix --with-gxx-include-dir=/usr/include/c++/4.8 --libdir=/usr/lib --enable-nls --with-sysroot=/ --enable-clocale=gnu --enable-libstdcxx-debug --enable-libstdcxx-time=yes --enable-gnu-unique-object --disable-libmudflap --enable-plugin --with-system-zlib --disable-browser-plugin --enable-java-awt=gtk --enable-gtk-cairo --with-java-home=/usr/lib/jvm/java-1.5.0-gcj-4.8-amd64/jre --enable-java-home --with-jvm-root-dir=/usr/lib/jvm/java-1.5.0-gcj-4.8-amd64 --with-jvm-jar-dir=/usr/lib/jvm-exports/java-1.5.0-gcj-4.8-amd64 --with-arch-directory=amd64 --with-ecj-jar=/usr/share/java/eclipse-ecj.jar --enable-objc-gc --enable-multiarch --disable-werror --with-arch-32=i686 --with-abi=m64 --with-multilib-list=m32,m64,mx32 --with-tune=generic --enable-checking=release --build=x86_64-linux-gnu --host=x86_64-linux-gnu --target=x86_64-linux-gnu
Thread model: posix
gcc version 4.8.5 (Ubuntu 4.8.5-4ubuntu2) 
configure:11887: $? = 0
configure:11876: gcc -V >&5
gcc: error: unrecognized command line option '-V'
gcc: fatal error: no input files
compilation terminated.
configure:11887: $? = 4
configure:11876: gcc -qversion >&5
gcc: error: unrecognized command line option '-qversion'
gcc: fatal error: no input files
compilation terminated.
configure:11887: $? = 4
configure:11891: checking whether we are using the GNU C compiler
configure:11919: result: yes
configure:11928: checking whether gcc accepts -g
configure:11989: result: yes
configure:12006: checking for gcc option to accept ISO C89
configure:12082: result: none needed
configure:12107: checking whether gcc understands -c and -o together
configure:12144: result: yes
configure:12163: checking dependency style of gcc
configure:12274: result: gcc3
configure:12298: checking dependency style of gcc
configure:12407: result: gcc3
configure:12422: checking for gcc option to accept ISO C99
configure:12571: gcc  -c   -std=gnu99   conftest.c >&5
configure:12571: $? = 0
configure:12584: result: none needed
configure:12618: Var GCC = yes
configure:14157: checking that generated files are newer than configure
configure:14163: result: done
configure:14206: creating ./config.status

## ---------------------- ##
## Running config.status. ##
## ---------------------- ##

This file was extended by beebs config.status 1.0, which was
generated by GNU Autoconf 2.69.  Invocation command line was

  CONFIG_FILES    = 
  CONFIG_HEADERS  = 
  CONFIG_LINKS    = 
  CONFIG_COMMANDS = 
  $ ./config.status 

on johnnys-W76x-M77xCUH

config.status:1204: creating src/2dfir/Makefile
config.status:1204: creating src/adpcm/Makefile
config.status:1204: creating src/aha-compress/Makefile
config.status:1204: creating src/aha-mont64/Makefile
config.status:1204: creating src/blowfish/Makefile
config.status:1204: creating src/bs/Makefile
config.status:1204: creating src/bubblesort/Makefile
config.status:1204: creating src/cnt/Makefile
config.status:1204: creating src/compress/Makefile
config.status:1204: creating src/cover/Makefile
config.status:1204: creating src/crc/Makefile
config.status:1204: creating src/crc32/Makefile
config.status:1204: creating src/ctl-stack/Makefile
config.status:1204: creating src/ctl-string/Makefile
config.status:1204: creating src/ctl-vector/Makefile
config.status:1204: creating src/cubic/Makefile
config.status:1204: creating src/dhrystone/Makefile
config.status:1204: creating src/dijkstra/Makefile
config.status:1204: creating src/dtoa/Makefile
config.status:1204: creating src/duff/Makefile
config.status:1204: creating src/edn/Makefile
config.status:1204: creating src/expint/Makefile
config.status:1204: creating src/fac/Makefile
config.status:1204: creating src/fasta/Makefile
config.status:1204: creating src/fdct/Makefile
config.status:1204: creating src/fft/Makefile
config.status:1204: creating src/fibcall/Makefile
config.status:1204: creating src/fir/Makefile
config.status:1204: creating src/frac/Makefile
config.status:1204: creating src/huffbench/Makefile
config.status:1204: creating src/insertsort/Makefile
config.status:1204: creating src/janne_complex/Makefile
config.status:1204: creating src/jfdctint/Makefile
config.status:1204: creating src/lcdnum/Makefile
config.status:1204: creating src/levenshtein/Makefile
config.status:1204: creating src/lms/Makefile
config.status:1204: creating src/ludcmp/Makefile
config.status:1204: creating src/matmult-int/Makefile
config.status:1204: creating src/matmult-float/Makefile
config.status:1204: creating src/mergesort/Makefile
config.status:1204: creating src/miniz/Makefile
config.status:1204: creating src/minver/Makefile
config.status:1204: creating src/nbody/Makefile
config.status:1204: creating src/ndes/Makefile
config.status:1204: creating src/nettle-arcfour/Makefile
config.status:1204: creating src/nettle-cast128/Makefile
config.status:1204: creating src/nettle-des/Makefile
config.status:1204: creating src/nettle-md5/Makefile
config.status:1204: creating src/newlib-exp/Makefile
config.status:1204: creating src/newlib-log/Makefile
config.status:1204: creating src/newlib-mod/Makefile
config.status:1204: creating src/newlib-sqrt/Makefile
config.status:1204: creating src/ns/Makefile
config.status:1204: creating src/nsichneu/Makefile
config.status:1204: creating src/picojpeg/Makefile
config.status:1204: creating src/prime/Makefile
config.status:1204: creating src/qrduino/Makefile
config.status:1204: creating src/qsort/Makefile
config.status:1204: creating src/qurt/Makefile
config.status:1204: creating src/recursion/Makefile
config.status:1204: creating src/rijndael/Makefile
config.status:1204: creating src/select/Makefile
config.status:1204: creating src/sglib-arraybinsearch/Makefile
config.status:1204: creating src/sglib-arrayheapsort/Makefile
config.status:1204: creating src/sglib-arrayquicksort/Makefile
config.status:1204: creating src/sglib-dllist/Makefile
config.status:1204: creating src/sglib-hashtable/Makefile
config.status:1204: creating src/sglib-listinsertsort/Makefile
config.status:1204: creating src/sglib-listsort/Makefile
config.status:1204: creating src/sglib-queue/Makefile
config.status:1204: creating src/sglib-rbtree/Makefile
config.status:1204: creating src/sha/Makefile
config.status:1204: creating src/slre/Makefile
config.status:1204: creating src/stringsearch1/Makefile
config.status:1204: creating src/strstr/Makefile
config.status:1204: creating src/sqrt/Makefile
config.status:1204: creating src/st/Makefile
config.status:1204: creating src/statemate/Makefile
config.status:1204: creating src/stb_perlin/Makefile
config.status:1204: creating src/tarai/Makefile
config.status:1204: creating src/trio-snprintf/Makefile
config.status:1204: creating src/trio-sscanf/Makefile
config.status:1204: creating src/ud/Makefile
config.status:1204: creating src/wikisort/Makefile
config.status:1204: creating src/whetstone/Makefile
config.status:1204: creating dejagnu/site.exp
config.status:1204: creating src/template/Makefile
config.status:1204: creating doc/Makefile
config.status:1204: creating Makefile
config.status:1204: creating config.h
config.status:1385: config.h is unchanged
config.status:1433: executing depfiles commands
config.status:1433: executing libtool commands

## ---------------- ##
## Cache variables. ##
## ---------------- ##

ac_cv_build=x86_64-unknown-linux-gnu
ac_cv_c_compiler_gnu=yes
ac_cv_env_CCASFLAGS_set=
ac_cv_env_CCASFLAGS_value=
ac_cv_env_CCAS_set=
ac_cv_env_CCAS_value=
ac_cv_env_CC_set=
ac_cv_env_CC_value=
ac_cv_env_CFLAGS_set=
ac_cv_env_CFLAGS_value=
ac_cv_env_CPPFLAGS_set=
ac_cv_env_CPPFLAGS_value=
ac_cv_env_CPP_set=
ac_cv_env_CPP_value=
ac_cv_env_EXCLUDED_BENCHMARKS_set=
ac_cv_env_EXCLUDED_BENCHMARKS_value=
ac_cv_env_LDFLAGS_set=
ac_cv_env_LDFLAGS_value=
ac_cv_env_LIBS_set=
ac_cv_env_LIBS_value=
ac_cv_env_build_alias_set=
ac_cv_env_build_alias_value=
ac_cv_env_host_alias_set=
ac_cv_env_host_alias_value=
ac_cv_env_target_alias_set=
ac_cv_env_target_alias_value=
ac_cv_header_dlfcn_h=yes
ac_cv_header_inttypes_h=yes
ac_cv_header_memory_h=yes
ac_cv_header_stdc=yes
ac_cv_header_stdint_h=yes
ac_cv_header_stdlib_h=yes
ac_cv_header_string_h=yes
ac_cv_header_strings_h=yes
ac_cv_header_sys_stat_h=yes
ac_cv_header_sys_types_h=yes
ac_cv_header_unistd_h=yes
ac_cv_host=x86_64-unknown-linux-gnu
ac_cv_objext=o
ac_cv_path_EGREP='/bin/grep -E'
ac_cv_path_FGREP='/bin/grep -F'
ac_cv_path_GREP=/bin/grep
ac_cv_path_SED=/bin/sed
ac_cv_path_install='/usr/bin/install -c'
ac_cv_path_mkdir=/bin/mkdir
ac_cv_prog_AWK=mawk
ac_cv_prog_CPP='gcc -E'
ac_cv_prog_ac_ct_AR=ar
ac_cv_prog_ac_ct_CC=gcc
ac_cv_prog_ac_ct_MANIFEST_TOOL=mt
ac_cv_prog_ac_ct_OBJDUMP=objdump
ac_cv_prog_ac_ct_RANLIB=ranlib
ac_cv_prog_ac_ct_STRIP=strip
ac_cv_prog_cc_c89=
ac_cv_prog_cc_c99=
ac_cv_prog_cc_g=yes
ac_cv_prog_make_make_set=yes
am_cv_CCAS_dependencies_compiler_type=gcc3
am_cv_CC_dependencies_compiler_type=gcc3
am_cv_make_support_nested_variables=yes
am_cv_prog_cc_c_o=yes
lt_cv_ar_at_file=@
lt_cv_archive_cmds_need_lc=no
lt_cv_deplibs_check_method=pass_all
lt_cv_file_magic_cmd='$MAGIC_CMD'
lt_cv_file_magic_test_file=
lt_cv_ld_reload_flag=-r
lt_cv_nm_interface='BSD nm'
lt_cv_objdir=.libs
lt_cv_path_LD=/usr/bin/ld
lt_cv_path_NM='/usr/bin/nm -B'
lt_cv_path_mainfest_tool=no
lt_cv_prog_compiler_c_o=yes
lt_cv_prog_compiler_pic='-fPIC -DPIC'
lt_cv_prog_compiler_pic_works=yes
lt_cv_prog_compiler_rtti_exceptions=no
lt_cv_prog_compiler_static_works=yes
lt_cv_prog_gnu_ld=yes
lt_cv_sharedlib_from_linklib_cmd='printf %s\n'
lt_cv_shlibpath_overrides_runpath=no
lt_cv_sys_global_symbol_pipe='sed -n -e '\''s/^.*[	 ]\([ABCDGIRSTW][ABCDGIRSTW]*\)[	 ][	 ]*\([_A-Za-z][_A-Za-z0-9]*\)$/\1 \2 \2/p'\'' | sed '\''/ __gnu_lto/d'\'''
lt_cv_sys_global_symbol_to_c_name_address='sed -n -e '\''s/^: \([^ ]*\)[ ]*$/  {\"\1\", (void *) 0},/p'\'' -e '\''s/^[ABCDGIRSTW]* \([^ ]*\) \([^ ]*\)$/  {"\2", (void *) \&\2},/p'\'''
lt_cv_sys_global_symbol_to_c_name_address_lib_prefix='sed -n -e '\''s/^: \([^ ]*\)[ ]*$/  {\"\1\", (void *) 0},/p'\'' -e '\''s/^[ABCDGIRSTW]* \([^ ]*\) \(lib[^ ]*\)$/  {"\2", (void *) \&\2},/p'\'' -e '\''s/^[ABCDGIRSTW]* \([^ ]*\) \([^ ]*\)$/  {"lib\2", (void *) \&\2},/p'\'''
lt_cv_sys_global_symbol_to_cdecl='sed -n -e '\''s/^T .* \(.*\)$/extern int \1();/p'\'' -e '\''s/^[ABCDGIRSTW]* .* \(.*\)$/extern char \1;/p'\'''
lt_cv_sys_max_cmd_len=1572864
lt_cv_to_host_file_cmd=func_convert_file_noop
lt_cv_to_tool_file_cmd=func_convert_file_noop

## ----------------- ##
## Output variables. ##
## ----------------- ##

ACLOCAL='${SHELL} /home/johnnys/Desktop/combined/beebs/build-aux/missing aclocal-1.15'
AMDEPBACKSLASH='\'
AMDEP_FALSE='#'
AMDEP_TRUE=''
AMTAR='$${TAR-tar}'
AM_BACKSLASH='\'
AM_DEFAULT_V='$(AM_DEFAULT_VERBOSITY)'
AM_DEFAULT_VERBOSITY='0'
AM_V='$(V)'
AR='ar'
ARCH='x86_64'
AUTOCONF='${SHELL} /home/johnnys/Desktop/combined/beebs/build-aux/missing autoconf'
AUTOHEADER='${SHELL} /home/johnnys/Desktop/combined/beebs/build-aux/missing autoheader'
AUTOMAKE='${SHELL} /home/johnnys/Desktop/combined/beebs/build-aux/missing automake-1.15'
AWK='mawk'
BENCHMARKS='2dfir adpcm aha-compress aha-mont64 blowfish bs bubblesort cnt compress cover crc crc32 ctl-stack ctl-string ctl-vector cubic dhrystone dijkstra dtoa duff edn expint fac fasta fdct fft fibcall fir frac huffbench insertsort janne_complex jfdctint lcdnum levenshtein lms ludcmp matmult-int matmult-float mergesort miniz minver nbody ndes nettle-arcfour nettle-cast128 nettle-des nettle-md5 newlib-exp newlib-log newlib-mod newlib-sqrt ns nsichneu picojpeg prime qrduino qsort qurt recursion rijndael select sglib-arraybinsearch sglib-arrayheapsort sglib-arrayquicksort sglib-dllist sglib-hashtable sglib-listinsertsort sglib-listsort sglib-queue sglib-rbtree sha slre stringsearch1 strstr sqrt st statemate stb_perlin tarai trio-snprintf trio-sscanf ud wikisort whetstone '
BENCHMARKS_SUBDIRS='src/2dfir src/adpcm src/aha-compress src/aha-mont64 src/blowfish src/bs src/bubblesort src/cnt src/compress src/cover src/crc src/crc32 src/ctl-stack src/ctl-string src/ctl-vector src/cubic src/dhrystone src/dijkstra src/dtoa src/duff src/edn src/expint src/fac src/fasta src/fdct src/fft src/fibcall src/fir src/frac src/huffbench src/insertsort src/janne_complex src/jfdctint src/lcdnum src/levenshtein src/lms src/ludcmp src/matmult-int src/matmult-float src/mergesort src/miniz src/minver src/nbody src/ndes src/nettle-arcfour src/nettle-cast128 src/nettle-des src/nettle-md5 src/newlib-exp src/newlib-log src/newlib-mod src/newlib-sqrt src/ns src/nsichneu src/picojpeg src/prime src/qrduino src/qsort src/qurt src/recursion src/rijndael src/select src/sglib-arraybinsearch src/sglib-arrayheapsort src/sglib-arrayquicksort src/sglib-dllist src/sglib-hashtable src/sglib-listinsertsort src/sglib-listsort src/sglib-queue src/sglib-rbtree src/sha src/slre src/stringsearch1 src/strstr src/sqrt src/st src/statemate src/stb_perlin src/tarai src/trio-snprintf src/trio-sscanf src/ud src/wikisort src/whetstone '
BOARD='none'
CALIBRATION_FALSE=''
CALIBRATION_TRUE='#'
CC='gcc'
CCAS='gcc'
CCASDEPMODE='depmode=gcc3'
CCASFLAGS='  -std=gnu99 '
CCDEPMODE='depmode=gcc3'
CFLAGS=''
CHIP='generic'
CHIPSUPPORT_C_FALSE='#'
CHIPSUPPORT_C_TRUE=''
CONFIG_CFLAGS=' -std=gnu99 '
CONFIG_LDFLAGS='  '
CPP='gcc -E'
CPPFLAGS=''
CYGPATH_W='echo'
DEFS='-DHAVE_CONFIG_H'
DEPDIR='.deps'
DLLTOOL='false'
DSYMUTIL=''
DUMPBIN=''
ECHO_C=''
ECHO_N='-n'
ECHO_T=''
EGREP='/bin/grep -E'
EXCLUDED_BENCHMARKS=''
EXEEXT=''
FGREP='/bin/grep -F'
GREP='/bin/grep'
INSTALL_DATA='${INSTALL} -m 644'
INSTALL_PROGRAM='${INSTALL}'
INSTALL_SCRIPT='${INSTALL}'
INSTALL_STRIP_PROGRAM='$(install_sh) -c -s'
LD='/usr/bin/ld -m elf_x86_64'
LDFLAGS=''
LIBOBJS=''
LIBS=''
LIBTOOL='$(SHELL) $(top_builddir)/libtool'
LIBTOOL_DEPS='build-aux/ltmain.sh'
LIPO=''
LN_S='ln -s'
LTLIBOBJS=''
MAINT=''
MAINTAINER_MODE_FALSE='#'
MAINTAINER_MODE_TRUE=''
MAKEINFO='${SHELL} /home/johnnys/Desktop/combined/beebs/build-aux/missing makeinfo'
MANIFEST_TOOL=':'
MKDIR_P='/bin/mkdir -p'
NM='/usr/bin/nm -B'
NMEDIT=''
OBJDUMP='objdump'
OBJEXT='o'
OTOOL64=''
OTOOL=''
PACKAGE='beebs'
PACKAGE_BUGREPORT='beebs@mageec.org'
PACKAGE_NAME='beebs'
PACKAGE_STRING='beebs 1.0'
PACKAGE_TARNAME='beebs'
PACKAGE_URL=''
PACKAGE_VERSION='1.0'
PATH_SEPARATOR=':'
RANLIB='ranlib'
SED='/bin/sed'
SET_MAKE=''
SHELL='/bin/bash'
STRIP='strip'
VERSION='1.0'
WARN_CFLAGS='-Wall'
WERROR_CFLAGS='-Werror'
ac_ct_AR='ar'
ac_ct_CC='gcc'
ac_ct_DUMPBIN=''
am__EXEEXT_FALSE=''
am__EXEEXT_TRUE='#'
am__fastdepCCAS_FALSE='#'
am__fastdepCCAS_TRUE=''
am__fastdepCC_FALSE='#'
am__fastdepCC_TRUE=''
am__include='include'
am__isrc=''
am__leading_dot='.'
am__nodep='_no'
am__quote=''
am__tar='$${TAR-tar} chof - "$$tardir"'
am__untar='$${TAR-tar} xf -'
bindir='${exec_prefix}/bin'
build='x86_64-unknown-linux-gnu'
build_alias=''
build_cpu='x86_64'
build_os='linux-gnu'
build_vendor='unknown'
datadir='${datarootdir}'
datarootdir='${prefix}/share'
docdir='${datarootdir}/doc/${PACKAGE_TARNAME}'
dvidir='${docdir}'
exec_prefix='${prefix}'
host='x86_64-unknown-linux-gnu'
host_alias=''
host_cpu='x86_64'
host_os='linux-gnu'
host_vendor='unknown'
htmldir='${docdir}'
includedir='${prefix}/include'
infodir='${datarootdir}/info'
install_sh='${SHELL} /home/johnnys/Desktop/combined/beebs/build-aux/install-sh'
libdir='${exec_prefix}/lib'
libexecdir='${exec_prefix}/libexec'
localedir='${datarootdir}/locale'
localstatedir='${prefix}/var'
mandir='${datarootdir}/man'
mkdir_p='$(MKDIR_P)'
oldincludedir='/usr/include'
pdfdir='${docdir}'
prefix='/usr/local'
program_transform_name='s,x,x,'
psdir='${docdir}'
sbindir='${exec_prefix}/sbin'
sharedstatedir='${prefix}/com'
sysconfdir='${prefix}/etc'
target_alias=''

## ----------- ##
## confdefs.h. ##
## ----------- ##

/* confdefs.h */
#define PACKAGE_NAME "beebs"
#define PACKAGE_TARNAME "beebs"
#define PACKAGE_VERSION "1.0"
#define PACKAGE_STRING "beebs 1.0"
#define PACKAGE_BUGREPORT "beebs@mageec.org"
#define PACKAGE_URL ""
#define PACKAGE "beebs"
#define VERSION "1.0"
#define HAVE_CHIPSUPPORT_H 1
#define STDC_HEADERS 1
#define HAVE_SYS_TYPES_H 1
#define HAVE_SYS_STAT_H 1
#define HAVE_STDLIB_H 1
#define HAVE_STRING_H 1
#define HAVE_MEMORY_H 1
#define HAVE_STRINGS_H 1
#define HAVE_INTTYPES_H 1
#define HAVE_STDINT_H 1
#define HAVE_UNISTD_H 1
#define HAVE_DLFCN_H 1
#define LT_OBJDIR ".libs/"

configure: exit 0
